...........................................                              [100%]
================================ tests coverage ================================
_______________ coverage: platform linux, python 3.12.3-final-0 ________________

Name                               Stmts   Miss  Cover   Missing
----------------------------------------------------------------
audit/models.py                       25      0   100%
audit/signals.py                       7      0   100%
claims/models.py                      34      1    97%   21
contributors/models.py                37      0   100%
core/models.py                         6      0   100%
core/permissions.py                   17      0   100%
identity/models.py                    19      0   100%
integration/services.py               33      2    94%   14, 40
remittance/models.py                  10      0   100%
remittance/services/validator.py      68      0   100%
----------------------------------------------------------------
TOTAL                                256      3    99%
43 passed in 0.49s
